<?xml version="1.0" encoding="UTF-8"?>
<testng-results ignored="0" total="1" passed="1" failed="0" skipped="0">
  <reporter-output>
  </reporter-output>
  <suite started-at="2020-03-23T17:41:49 EDT" name="Surefire suite" finished-at="2020-03-23T17:42:04 EDT" duration-ms="14461">
    <groups>
    </groups>
    <test started-at="2020-03-23T17:41:49 EDT" name="Surefire test" finished-at="2020-03-23T17:42:04 EDT" duration-ms="14461">
      <class name="com.herokuapp.theinternet.PositiveTests">
        <test-method signature="loginTest()[pri:0, instance:com.herokuapp.theinternet.PositiveTests@4b53f538]" started-at="2020-03-23T17:41:49 EDT" name="loginTest" finished-at="2020-03-23T17:42:04 EDT" duration-ms="14409" status="PASS">
          <reporter-output>
          </reporter-output>
        </test-method> <!-- loginTest -->
      </class> <!-- com.herokuapp.theinternet.PositiveTests -->
    </test> <!-- Surefire test -->
  </suite> <!-- Surefire suite -->
</testng-results>
